-6 -1 0 -8 -17 0 -13 -2 2 9 -26 6 121 621 623 718 439 368 638 609 288 300 430 639 434 67 438 144 -14 159 149 150
-1 -1 4 -4 -6 -6 -11 -3 17 4 -67 -64 -33 281 471 894 504 469 545 219 370 234 230 576 366 56 -103 45 41 -55 91 119
0 -2 0 5 1 1 26 11 -4 -5 -34 -4 88 747 1049 1325 1041 987 687 252 276 33 186 167 -118 -190 22 51 148 56 32 54
21 7 -1 12 -14 -10 14 14 -4 -19 -63 159 599 605 1591 702 697 402 319 513 121 129 355 -53 197 13 104 81 88 41 -4 -62
2 0 -1 8 -15 -10 -20 -6 4 -15 -30 274 692 1027 954 778 610 567 533 465 111 361 754 624 374 357 254 198 74 -102 147 -81
2 6 -6 -3 -26 -6 11 -2 2 -3 35 227 548 423 786 554 421 176 54 327 47 369 641 349 512 28 112 190 49 10 42 151
-7 -9 -10 -3 -1 -8 5 24 9 13 -15 -11 268 543 1133 845 313 523 112 71 484 575 700 497 518 -10 -13 270 198 130 58 78
0 1 4 -13 0 -9 -14 9 10 2 0 -15 152 535 994 1062 805 759 408 409 862 649 43 504 85 227 182 221 134 8 80 50
6 7 -4 -1 3 -9 -6 11 -10 3 18 76 334 727 1574 1104 880 455 392 718 575 323 487 -58 -45 54 47 257 365 72 183 260
11 -12 -2 4 1 -24 13 -5 9 -26 -101 -120 172 503 1219 806 969 342 831 741 545 320 628 260 487 397 127 658 186 131 233 54
-10 -2 -3 -7 -12 3 -6 11 2 -1 -115 -49 237 701 765 1034 654 652 611 744 428 269 343 213 179 -6 283 400 -132 -67 203 -99
-8 -3 -5 10 -4 -17 3 -11 -2 -6 3 -16 149 294 829 620 259 57 657 643 349 622 736 289 51 544 327 136 -4 122 63 63
1 -1 4 -8 -3 13 -5 20 -9 -17 46 -290 12 507 630 417 778 362 442 765 642 643 468 508 247 366 55 241 184 25 103 -2
2 12 -1 -13 -3 1 -3 -14 -3 -5 -42 -173 276 535 645 480 570 276 615 614 685 481 187 194 34 73 332 290 -70 210 97 60
8 9 2 -12 -20 12 -10 17 -20 18 13 78 70 314 643 -14 32 408 531 553 427 527 540 413 120 137 284 156 163 116 109 -2
8 -8 2 -7 -3 3 4 -4 -7 -30 25 -155 -6 647 879 568 422 196 718 768 542 315 174 88 -104 -231 52 585 142 -33 63 77
5 10 11 6 -21 9 7 -7 -5 -28 -48 -104 269 625 1141 897 590 587 624 617 541 278 272 -158 -256 -23 225 51 77 187 96 149
-6 1 -8 -13 -16 -15 8 -3 -3 -59 37 -21 144 227 475 313 471 264 450 663 399 408 208 204 1 -110 50 81 126 9 200 43
-5 1 -5 0 -12 4 1 -9 4 16 117 91 245 287 553 598 -185 232 760 768 551 508 771 528 184 335 140 126 -51 78 9 42
-1 0 -11 -28 2 -18 10 -8 -7 5 -14 63 150 343 1180 756 277 408 281 603 579 466 348 109 57 -40 34 188 193 49 134 -9
-8 -4 1 -5 -38 -6 -6 6 6 -20 -14 -151 187 421 671 371 493 -32 530 375 418 126 269 80 -30 -88 216 223 20 62 84 16
3 5 -6 -10 -15 4 20 -2 14 -22 53 36 332 392 567 460 428 469 758 599 683 574 514 367 96 27 233 124 81 142 78 47
-1 9 3 0 -34 6 -3 4 -7 -31 -68 74 312 484 965 600 196 315 690 735 328 326 245 267 26 32 210 50 145 2 79 74
13 2 -13 -23 3 -13 9 -16 -5 -19 -1 286 549 1091 1268 906 217 445 692 452 539 439 324 138 104 -105 156 124 214 81 112 21
1 -13 -8 -10 -2 -7 2 -8 5 15 55 223 490 1279 1647 1073 430 880 770 759 697 223 220 151 157 259 58 58 180 199 187 -30
9 6 0 -6 10 -13 12 8 -27 -1 86 194 251 906 948 565 326 204 679 1046 648 678 471 91 430 317 68 339 107 145 24 83
1 -1 9 -14 -12 -3 -25 -8 0 -25 -57 -18 102 459 1028 597 202 344 387 659 119 320 185 198 -57 -119 29 152 29 -21 -3 43
-2 -8 4 8 5 -8 -1 1 -24 -12 -28 -198 105 560 616 420 -21 8 320 17 270 488 -122 351 -57 -186 196 149 -71 -5 161 13
1 11 7 -11 1 1 -4 4 5 9 7 209 394 496 924 516 171 141 317 390 557 226 251 125 43 96 219 221 85 152 117 123
10 -12 -2 11 5 -4 -7 -11 -4 -14 166 594 648 565 296 349 -179 51 633 519 699 756 590 297 365 356 237 178 165 204 167 -5
4 -5 7 -13 7 2 -6 1 4 22 206 130 342 266 492 171 -103 129 461 679 600 440 505 591 395 490 246 149 242 97 44 44
4 5 -1 -28 -10 -6 -11 -11 -32 2 -34 16 280 282 496 562 391 46 551 511 396 306 513 169 73 164 -21 129 58 107 -83 148
2 9 -2 -5 -8 1 15 -3 3 -10 -89 85 111 648 1025 669 503 261 513 400 52 177 -51 -101 -241 -54 136 206 54 275 110 -67
0 5 10 -1 -1 0 0 -8 -19 -16 -65 95 403 1256 1001 826 321 603 682 32 503 667 181 280 70 -231 40 124 95 -30 51 89
-3 -6 3 -7 -1 1 -11 -5 -14 -55 -34 -12 557 877 1119 1061 788 501 679 292 192 377 25 -296 -294 -305 213 120 70 167 -22 -49
-6 -6 -2 -35 -15 -8 -8 8 -4 -13 -55 -67 611 977 1396 898 626 343 620 412 266 297 -204 -98 -112 -104 83 108 58 104 49 83
-7 -15 12 4 -10 -19 3 24 -7 -33 -70 -17 226 1029 931 888 400 410 784 651 34 172 -149 -121 -251 -261 248 145 11 51 10 36
1 -5 -14 -19 2 -13 13 8 -10 -36 -62 6 274 802 1075 790 317 262 350 693 364 255 3 24 -158 -202 224 208 33 85 83 -21
-9 4 9 -40 16 -12 -5 -9 -10 -51 -160 -65 200 877 1194 922 183 483 642 715 666 460 156 267 -403 74 152 138 143 -79 98 2
4 3 -3 -19 -10 -11 -6 -5 -31 -68 -1 45 461 976 708 703 384 708 528 628 522 291 164 185 -295 84 349 47 119 108 50 74
-13 10 -9 -6 2 -5 -7 -20 -13 4 -79 168 115 689 760 633 371 452 318 -6 200 299 324 276 89 -127 67 269 -45 73 15 33
2 5 0 -7 -6 -2 -13 7 -12 -3 -104 84 550 581 671 140 379 322 164 552 302 458 503 391 131 20 268 103 47 126 45 40
15 -2 3 -11 0 -5 9 5 14 -46 -8 113 280 638 829 542 446 247 192 66 -5 8 -40 2 -113 16 27 52 -61 138 -35 15
11 -1 14 -7 6 4 1 5 0 -29 -172 172 694 1166 903 654 417 152 299 387 260 238 104 250 -51 -90 95 188 -58 127 102 23
1 -5 -16 -15 -10 -12 -5 -9 1 -36 -135 84 246 1052 1019 639 321 445 398 315 214 164 99 -133 -419 69 156 44 -66 129 -47 15
-7 11 20 -26 -7 -4 -6 3 -27 3 -69 -169 472 1208 708 570 403 641 404 51 136 243 153 -102 -269 182 252 95 131 100 17 66
6 -3 5 -33 -9 0 11 2 -3 -7 -66 -15 122 704 607 466 77 303 481 346 262 -76 230 -40 -103 -99 85 30 -43 105 38 36
3 -9 1 -18 -8 18 -13 -1 -11 -32 -185 97 330 1071 817 559 538 764 225 205 280 184 -81 -63 -121 -97 55 108 -39 -48 89 26
8 1 7 -22 -6 -10 -6 24 -29 -71 -208 44 485 1146 1013 795 462 535 471 535 228 19 12 -208 -152 103 253 55 125 -5 48 -19
-7 5 3 10 -2 -16 4 11 -6 -33 -207 -34 472 939 1052 536 329 206 420 336 158 107 -23 -227 -178 59 318 -48 18 151 26 13
1 10 23 19 0 15 11 -11 -22 -13 -97 9 389 644 834 603 444 211 373 70 115 131 -64 -131 -176 -42 124 -33 43 50 20 -18
1 -11 -8 -15 10 -1 -9 -1 -34 -24 -50 93 551 937 827 655 496 209 446 414 355 50 -106 -179 -193 -59 2 130 72 105 25 -50
-6 -5 -18 -36 -4 -6 -9 5 -17 40 -30 325 485 892 757 516 549 506 1032 770 525 511 446 331 175 54 149 320 124 147 97 -25
0 0 0 -14 3 -14 2 -14 -7 14 16 112 504 1069 1239 817 293 428 717 845 452 262 -48 -74 -90 -30 220 138 63 93 143 -69
-5 4 1 -27 -22 -7 11 -3 5 -30 -25 111 427 547 684 448 429 542 833 571 478 464 459 165 105 213 196 125 16 187 49 16
-3 1 7 -24 -32 -6 0 -12 -21 10 44 -6 365 296 422 101 -49 589 482 595 292 328 183 239 485 281 128 244 80 51 64 57
-5 -8 13 0 -15 -1 -11 -4 -24 0 -2 146 787 707 823 351 284 339 156 88 500 446 78 -155 -4 49 229 16 -34 37 17 -33
-2 1 9 -15 -1 10 -15 -19 -24 -3 38 73 663 -101 16 -94 8 221 538 212 376 649 396 273 326 228 61 114 103 6 87 -48
9 5 -8 -14 6 12 2 -4 -7 40 131 311 634 873 494 116 395 510 847 614 570 715 312 204 -5 -35 207 233 -105 23 10 -19
1 5 -1 -4 -34 -12 -3 -2 -9 10 119 271 923 1006 797 516 235 755 602 664 566 521 245 367 284 257 329 274 9 83 -41 -64
2 -5 4 -3 -8 10 -14 -16 -19 49 247 218 213 148 187 326 142 611 783 729 499 632 612 383 341 429 383 170 152 75 51 -8
-3 -3 21 -19 -6 -5 -6 -1 26 -38 154 242 996 1216 992 297 186 656 730 585 569 521 309 339 217 366 325 163 50 165 88 56
-1 -15 20 -16 -14 2 -3 4 18 -30 95 122 972 994 1181 709 595 326 711 318 153 166 13 -99 -238 152 341 13 79 109 -3 43
2 8 -13 -24 0 -3 -4 -10 -1 -79 -39 234 945 1105 1201 518 380 510 705 523 445 175 -86 35 -258 -50 307 -7 6 -2 124 58
