0 5 3 3 0 1 5 -6 2 -9 9 -21 -2 40 43 40 11 -25 32 -44 7 6 51 30 -41 -21 -24 10 -12 -26 -18 -19
1 0 0 1 -1 0 5 2 -2 -1 -4 -13 -3 -3 -8 -23 -1 -35 -47 24 -22 -10 -84 -65 11 -17 9 3 1 -13 -8 2
-2 -1 1 -1 -2 2 0 3 0 -3 11 -24 -3 -13 41 -28 -46 -16 -53 3 11 -48 -14 1 -29 4 -27 -14 -18 10 -25 -22
-2 0 -2 3 -5 2 -2 4 0 1 -13 -16 -26 -95 -64 70 -44 -11 -1 -23 -36 -40 -6 18 -34 -43 -31 -5 7 -40 12 16
-1 1 1 1 0 4 -2 -3 1 -4 23 -18 -44 1 -9 69 -35 -110 -62 -15 4 -6 -41 -28 29 2 -34 -20 -45 -30 4 1
0 1 3 0 1 0 -1 -1 -5 0 -12 -69 -66 44 -3 -13 17 -66 -58 -24 -62 -28 -13 46 -17 40 -4 -56 15 -5 -14 3
0 -2 2 2 6 0 -3 2 -1 -3 -7 2 -35 -24 24 8 32 -88 35 -52 -67 -32 10 -28 1 -16 -20 -12 -12 1 -11 3
1 1 3 -4 1 1 4 -3 1 -1 -8 -27 -20 -73 -25 -78 -69 -21 -9 45 -21 -61 -32 -60 -7 -8 4 -25 -4 -4 3 -1
-1 -1 0 -3 -3 0 -1 -5 -3 0 -17 7 -11 -19 0 -38 -7 -122 -26 -20 -107 -55 39 -49 5 -2 9 40 -88 0 1 11
2 1 0 -2 -1 -5 3 -2 0 -5 8 27 0 -68 15 13 -49 -50 -20 -47 24 -59 2 -6 -81 -51 37 -16 -7 -12 -1 -29
-1 -2 1 -1 1 -3 -2 1 -2 4 -10 2 11 -21 -18 -104 31 -44 -53 0 -18 -12 -32 -7 -40 45 -14 -17 6 -17 16 -11
-2 0 0 1 -1 5 4 -4 2 3 -17 16 3 54 32 3 -36 30 29 48 -44 -24 -7 -7 34 -30 -11 19 50 -2 -17 -8
-1 2 -1 -8 0 -1 -2 -3 1 8 1 42 -37 -49 20 5 -9 -37 21 -73 -30 34 -5 13 18 6 -9 -9 -7 -12 23 -4
1 0 2 -1 2 3 -1 0 -5 1 -4 -26 -42 24 12 -21 41 -59 -39 0 -48 11 -15 -11 14 -13 7 27 -51 -20 8 -2
-2 0 -1 -1 -1 -4 -1 -5 3 -4 -13 -18 15 -39 -40 -14 -38 -3 52 -26 12 -31 -10 28 -8 3 4 -4 -5 -25 34 -4
-1 -2 2 2 -7 0 -1 -1 0 3 -8 3 6 -29 41 -5 -40 -4 -64 -28 20 2 -8 -44 21 27 10 -51 -33 -26 -5 -6
2 -3 -2 2 5 0 1 1 0 1 -4 -10 -51 -17 13 11 52 -41 -53 -4 -2 12 -53 1 -35 -29 8 -15 3 25 29 -3
1 3 -2 2 1 -2 2 3 -4 1 -9 2 -48 -47 -15 9 16 -21 25 11 22 -34 39 22 5 2 0 -15 -5 -20 -3 -7
-2 2 1 -4 -1 -3 2 2 -3 -2 7 7 -3 -25 -34 -48 3 -2 -28 -10 -17 -16 -28 -7 -19 7 -38 -19 18 4 2 -12
1 0 1 1 -2 1 0 1 3 0 3 6 -10 50 -4 -27 -29 12 2 31 -53 -27 -8 -4 8 -36 -11 -12 -17 34 -9 0
-2 1 -1 1 5 -2 3 0 -1 0 -7 -34 15 -10 -13 -16 -24 -27 12 -24 -51 -33 -45 -32 -24 9 14 -24 42 -1 -12 -4
-1 1 1 -3 3 0 -1 5 -5 4 -4 -33 -7 -17 6 1 2 4 13 -15 -17 -16 -14 -27 -5 42 -17 -13 -8 -6 -10 17
2 0 1 1 -1 -2 -5 2 -2 -7 -5 -21 1 51 34 -6 27 -3 -48 -47 -4 -17 -38 -9 -33 -16 0 -5 -1 25 4 8
0 2 2 2 -4 1 -1 -1 1 1 16 -52 -30 3 -114 17 5 22 20 -17 2 -9 14 -23 -23 40 -33 -32 -22 -2 -12 16
-3 1 -2 -2 -6 -3 -2 -1 1 2 -2 -35 -36 -30 36 -57 23 -29 -47 31 -44 -11 -35 12 -6 -33 -37 9 19 -20 18 12
1 -5 2 0 -1 3 -3 0 -5 -4 -6 -34 -80 25 26 -2 17 7 22 -57 31 20 -26 -39 15 -9 3 -34 7 17 11 -5
0 3 -3 -1 3 1 1 2 -1 -8 5 -31 -66 -22 17 -37 3 50 -40 24 -17 -27 -3 -11 -41 25 -6 -5 0 22 21 -30
1 2 -1 0 -5 -1 -4 -1 3 -8 -4 1 -21 -53 -14 3 -37 14 -25 -35 -3 -32 13 -14 1 8 -24 -53 2 4 2 -9
-2 0 -1 3 -3 0 1 -1 2 -10 -10 27 38 -38 17 16 -41 -12 -40 -59 -25 -17 29 -1 -39 -59 -63 -14 -11 -13 -14 -9
0 2 -2 1 -2 3 4 -1 -4 -8 12 -2 2 -59 -6 38 7 11 29 -6 -17 15 17 -7 14 26 -31 -15 -22 -13 -11 -4
1 1 -1 0 2 0 1 -1 -3 -4 -7 -27 8 -62 -64 -101 4 9 -7 6 10 -10 -8 -9 -12 -39 -18 -8 -12 5 -9 10
0 0 -1 0 3 8 3 -1 -1 2 -22 -27 -23 -12 -4 -4 -52 46 56 -46 -4 -9 -32 31 -6 11 -29 -7 22 -16 1 -12
1 0 0 -5 -2 1 -2 4 -1 -4 17 -7 21 -18 9 -19 -3 13 -29 -6 -5 53 -14 17 -52 -40 11 -10 -7 -9 12 -14
0 2 2 1 -1 0 1 1 1 -8 -23 -21 -17 -75 33 -51 -76 14 14 15 67 -14 -59 -47 1 9 13 -1 6 -4 -14 -28
-1 1 1 -2 1 -3 2 -1 3 -7 17 3 -41 -52 0 6 -24 -49 -32 -59 -24 -19 29 2 33 -36 7 -22 -7 -5 9 18
-3 0 -1 -1 -3 2 0 -3 -2 0 12 43 39 -30 -28 -54 -37 8 11 -15 22 24 36 -21 12 -32 31 14 -32 0 -9 1
0 2 1 -5 6 2 2 1 0 0 -11 -4 -44 -59 -20 -9 19 -69 -35 14 -28 -32 8 22 -6 -25 -30 36 -8 -20 4 -33
0 -1 3 0 1 -3 -3 3 -1 -10 -5 -1 -10 -78 -26 -4 41 30 4 1 -17 -19 -36 -16 -19 -28 -36 -30 -18 1 12 11
-1 -1 -2 3 1 -3 3 -1 1 15 7 2 6 -42 1 26 -3 -6 -43 -23 -38 23 10 23 -1 -4 -13 8 30 -11 4 9
-1 -2 1 -4 0 -1 6 0 1 -10 0 4 21 -34 15 29 -22 -60 0 12 -38 1 24 -24 -33 -11 23 -8 -12 1 -7 -1
0 -1 -1 -6 -4 0 4 3 3 7 -12 -32 -9 21 19 30 1 -44 -34 -32 -20 -24 5 -9 42 61 12 -16 -18 4 2 0
0 0 -5 2 -1 -4 5 1 1 -1 18 1 -31 13 -29 -18 26 -72 -48 -10 37 23 12 30 25 20 -9 -24 -18 -11 5 -10
1 0 3 -3 6 5 -4 0 -6 -8 20 -65 -43 -76 -22 -57 -57 53 -36 15 -20 -58 43 -5 -25 -30 -56 2 13 14 -19 10
2 1 -1 -6 1 0 0 3 -2 3 -6 -17 -28 -70 4 -17 23 10 4 31 9 23 6 5 7 -20 -27 -19 1 -23 2 -17
-1 0 3 -4 2 -2 -1 0 -1 1 -1 -26 -21 -15 -46 63 -4 -14 9 -10 8 -1 -4 28 -27 -3 28 16 -11 -6 23 -18
-1 -1 0 -3 0 -1 -1 1 1 -4 18 5 -47 20 41 16 38 -33 10 37 -20 -38 -62 -17 48 -28 11 5 -13 1 -5 19
1 0 0 4 -3 -1 1 2 -2 -11 7 21 17 -20 -13 -103 -19 -27 -35 -22 20 9 -5 15 3 3 -6 11 5 -7 -5 19
1 3 3 -5 3 1 -3 3 -3 1 -1 -21 -42 -28 -4 -5 -36 -19 4 -26 -32 6 -4 -1 -46 -12 -16 -27 -37 18 4 15
0 2 0 1 2 -3 1 2 2 -12 2 -40 -20 35 -17 26 2 -34 -34 -34 -4 -5 -7 -8 -7 -11 -7 -18 -16 -16 0 -10
1 0 0 -2 -1 -1 -1 -4 -6 1 3 2 -23 -58 -5 -7 -40 4 -12 11 -16 -42 7 -10 -27 -46 -17 8 -23 -11 14 16
1 1 -3 -3 3 -3 1 0 -2 -6 -4 27 -47 35 -27 -26 -37 31 23 -12 -21 -12 -15 31 -31 6 -18 5 -25 -3 8 4
0 2 -2 4 -4 -4 -1 -1 -4 4 12 -25 -20 -4 27 -10 -16 -41 11 -2 16 -62 -15 -18 13 -4 -4 21 -42 -19 -7 2
3 0 -1 4 -2 0 5 -1 2 11 12 -1 29 0 -1 -92 27 15 -57 -40 4 -20 -3 -1 -2 -19 -12 -3 -13 7 -1 -9
0 -1 0 5 -2 0 3 0 9 2 9 6 -48 -33 -77 -38 -35 -10 -14 -57 8 10 19 -35 -45 -19 -7 3 17 8 -17 0
-1 0 -1 0 -1 -2 -4 2 -5 -11 -10 -31 -52 -16 11 6 33 2 -24 -5 -69 -18 -9 -16 -26 3 -13 -14 -25 17 -17 -14
0 -3 0 3 4 2 0 1 1 -7 -14 7 -53 1 22 0 14 -24 23 -27 49 -12 1 -36 -7 -26 10 48 -22 -17 10 7
0 1 -2 4 3 -4 -2 0 -9 7 6 -22 -69 -1 -95 -52 12 -23 30 33 -60 0 -35 -40 42 3 11 -5 -13 -6 -1 -11
-2 2 0 -4 0 1 4 1 -1 6 12 -28 -11 14 -29 -54 -19 -51 -19 12 18 29 14 10 4 13 11 -10 -18 0 -11 -13
-3 2 -1 -1 3 -1 1 4 5 -17 4 20 47 -32 -22 14 3 19 49 1 -29 8 7 -10 9 -12 -5 10 -12 16 27 -2
-1 0 7 -3 3 5 0 2 3 10 -2 -36 -26 -39 -60 -10 20 -56 -3 41 -40 21 -15 -5 0 -20 -52 23 6 0 2 -9
0 0 -3 1 0 3 -1 3 -2 0 -29 21 48 -28 -35 -2 -25 -19 3 -6 -8 -15 -7 -32 16 -40 -8 14 -30 5 1 2
-3 0 -2 -3 -1 0 -1 -1 -1 -13 -16 8 -40 -82 17 -20 21 -22 -68 -24 16 -18 -33 -23 -9 -31 22 17 10 -24 4 0
1 0 -1 -1 1 -2 -1 -2 -6 1 -6 -13 -29 -9 -27 -21 -18 1 -4 22 -16 2 -91 -43 -36 22 -1 -13 3 3 -3 0
0 -2 5 -2 -1 -1 0 -1 -3 -10 -3 14 5 -3 2 -12 -30 44 -15 5 -47 1 31 1 -58 -37 10 -1 -2 13 -17 -13
