5 0 1 -3 6 -6 0 4 -2 -15 17 -100 -2 -313 -261 97 -111 169 -384 -541 62 -5 -300 -245 -157 -85 -24 -46 170 -157 -22 -111
0 0 -6 5 12 11 30 -7 -9 -5 -21 -73 -100 -112 -104 -242 -26 -32 -62 210 -302 -259 -182 -240 -114 -151 30 -139 -48 32 -18 -14
13 4 -2 14 -10 -15 -37 -8 -10 -12 -43 -101 -21 -165 -244 -21 -158 -135 -206 -127 100 -21 -257 -65 -96 -170 -1 -78 -90 31 50 -53
-19 -11 4 11 -16 -12 -5 -2 0 2 -10 -271 -142 -124 -73 43 -331 -360 -333 -195 -117 -148 -65 -60 -175 83 -77 42 -49 84 48 66
-8 6 -4 -11 5 -5 3 -11 1 29 -44 -46 2 -278 -257 -427 -129 -176 -73 7 38 32 -49 -133 -142 -200 -88 -7 56 122 -111 50
-5 -1 -4 -6 13 -5 2 11 -3 -16 40 -142 -153 124 -63 -129 -200 60 -169 -201 82 6 -111 -153 -29 64 106 -108 75 -11 -50 -29
6 1 6 5 2 2 -5 -9 4 1 -68 59 -29 20 42 -135 -98 -236 120 0 17 -134 -236 51 -250 -33 -73 -30 -21 -60 68 -90
-4 0 2 -3 -3 7 10 -8 -3 8 -13 37 -208 64 -52 49 -99 -198 -78 25 -362 -176 157 65 3 -159 129 -51 67 50 -50 -4
-5 -6 3 -2 -3 1 -1 -11 -14 7 -62 -128 -157 -53 -204 -361 -240 201 -117 -35 152 -166 -102 84 17 -45 -30 -139 12 19 -71 -67
-4 -6 -2 3 -25 -8 1 0 -20 -21 -22 -43 -115 -71 -36 -192 -117 -138 -204 -522 -189 -59 -399 52 -229 -314 -153 -122 -250 -102 54 -18
5 -7 14 5 -4 -11 4 1 -7 -4 3 -4 -59 28 -53 67 -86 -84 -106 -164 -6 39 -116 -148 -103 -79 -275 -104 37 -21 -40 10
10 -2 3 -10 2 2 -16 6 5 18 26 -69 -181 -99 -385 258 37 -59 28 -139 207 -170 -163 -53 27 -246 -33 -155 -31 -33 14 -15
4 3 7 7 5 -15 -11 -12 10 -8 -7 138 -44 -324 -265 111 -440 108 7 82 -45 -187 38 167 22 13 96 24 -105 -41 -42 -41
5 -3 5 11 -7 0 -3 6 -7 -11 -20 46 -56 -197 -208 -89 -248 -111 21 -190 -57 -239 -2 124 -41 20 -146 -145 47 -100 107 -42
-16 -6 -7 19 12 -5 -8 -12 11 10 29 -62 -59 -16 -274 -153 -112 -341 20 -24 -32 -101 -89 -287 -56 -73 -50 11 -139 98 -51 11
-6 -1 -2 5 1 -3 -12 -3 12 0 -44 -33 104 -228 -246 -57 -190 -76 -228 1 186 -60 -104 -57 39 -192 -165 -239 -166 169 -3 -126
2 0 3 -9 6 -2 -7 13 2 1 -22 -151 -133 -134 -124 -76 -142 -188 20 -104 60 -96 -230 33 -187 -92 -81 35 -112 -72 -30 -97
-1 -4 1 -5 -6 8 0 6 -10 41 -63 -37 -89 -230 -77 -64 -270 -88 62 -83 37 -63 -80 -61 -35 -74 0 114 -85 -2 49 9
8 6 5 0 -2 8 -2 6 6 -12 -71 3 -30 -283 -289 -235 -189 -22 -268 -209 33 151 -134 -117 -13 -144 3 10 -49 5 -3 -2
-4 -4 5 20 -17 6 -9 12 11 -11 -26 -93 -52 -99 -112 -113 14 -131 -12 -54 -26 241 -179 82 -41 -18 16 -54 -143 -62 -58 33
-1 6 7 -7 -11 10 -8 -5 18 -9 -9 42 -106 110 -82 283 -244 186 22 -163 -134 -31 -55 -65 70 32 54 -144 -92 -56 41 13
-4 -11 7 0 -4 -3 -20 3 2 9 -87 8 -172 -83 -118 -501 -80 -165 -79 -32 -155 -121 -88 -81 77 212 -111 -110 -118 -43 -27 13
6 6 1 -7 2 7 0 -7 -3 46 42 -94 -119 192 -228 -121 47 48 -174 -78 -1 -49 -13 -143 -106 -90 138 37 28 78 -106 -6
6 -7 -5 11 -12 11 -4 11 9 23 37 -36 -230 -166 -178 -408 101 -162 -81 98 -15 129 1 165 -126 163 35 -29 -163 -93 -71 64
-1 20 4 4 1 5 5 5 -8 -24 -97 -17 -262 -89 -97 -126 -47 -514 -25 -249 114 258 -231 -113 -38 -161 84 -111 -101 -26 -73 -33
-14 -7 -1 8 -13 21 2 1 0 -15 -90 -86 155 -138 -119 -46 19 -11 -65 114 87 33 68 84 -139 -47 -90 -46 43 -116 23 -5
-6 -2 -12 -2 0 -5 11 -5 1 -9 -2 -1 -181 -90 -107 -168 -249 8 -91 -49 123 -60 39 -93 65 -63 10 5 -19 72 69 -8
-2 5 -4 -15 -24 -6 6 -1 7 0 -1 50 40 29 154 -64 -68 181 -125 19 -4 -144 -29 -175 -3 18 -6 -50 106 55 -4 19
-10 -15 2 -4 -13 -6 0 -10 -8 -8 -77 -226 -88 209 185 38 -15 -1 -150 52 83 56 -116 -65 -155 -107 106 -154 24 39 -53 75
-12 -3 3 -12 -4 -11 -5 11 21 9 25 -161 -80 -48 -23 -44 -106 92 -264 -115 9 -140 30 -77 -29 -19 -44 -73 10 -15 -115 -24
-4 -9 -4 20 -5 2 12 -1 7 10 -50 13 -155 -29 -452 212 -14 -109 -22 -53 -7 -9 -63 -118 25 -161 -73 77 -9 51 9 58
1 -4 -2 11 12 -3 2 8 5 -13 -71 38 -205 78 -41 -136 -274 29 67 54 -19 86 -200 -84 12 -148 -16 -37 108 27 107 -25
-3 -4 6 -5 7 -3 -8 -19 -3 -29 27 -75 -37 -134 -157 -43 -35 99 177 35 -3 -136 -66 47 -28 -102 -10 49 -68 -164 -65 -20
1 -8 -2 -8 3 6 -7 9 -2 40 -15 0 -145 -201 -197 -48 69 -4 -127 -8 -96 -90 -145 -22 -11 -13 86 -105 -95 54 32 -59
-5 -4 -10 9 5 -3 3 8 2 -6 -73 -194 -216 -238 -56 -124 -157 -19 204 -92 -183 -200 132 186 62 151 -107 -54 8 -39 -49 62
0 12 -5 12 18 2 15 -13 -9 -51 -95 0 -131 -21 36 189 -198 53 -113 -83 -224 -61 86 -123 45 -183 -90 18 -106 -52 -31 9
12 2 -8 25 -9 6 2 10 26 36 -135 -93 -215 -152 207 -39 113 154 -150 -72 95 -99 -2 -119 -96 -148 -33 -103 -80 67 -7 14
-1 9 7 -3 -10 7 -11 2 -10 16 -49 -127 -91 68 26 -54 -159 -72 -50 -36 -9 76 27 -137 -65 -157 -70 -64 -63 -43 -2 -4
-2 3 -6 1 -15 4 1 -5 5 10 32 -57 -80 -267 -225 -230 -105 -250 -129 148 118 -45 -64 -6 -129 -147 24 -65 -243 39 10 21
-2 0 7 -6 16 2 3 4 36 30 -61 -22 -160 -136 -44 41 -189 -47 -195 -49 57 -150 -162 -71 10 -103 -67 112 21 -132 0 -54
7 4 -5 8 3 13 8 8 -2 -25 -31 -80 76 -73 69 11 -16 -112 -62 23 100 -68 -63 -9 -38 30 21 -48 6 -35 -29 -21
-14 -1 -3 -20 -3 2 5 -8 7 -9 -29 -73 -235 1 144 -20 -14 -30 110 48 -161 -99 -46 7 -29 -101 -67 43 -87 -49 27 -51
-15 2 3 11 -7 -9 0 -5 -19 2 -115 -77 -231 185 -52 -83 92 -222 -266 26 -177 42 118 -193 -5 16 102 -111 -65 -79 40 -66
-11 2 -1 46 -8 3 -11 1 -26 17 35 -271 -45 -28 36 -257 -32 125 -326 -95 -207 -154 54 -92 -139 -27 -14 -196 50 -104 -25 -20
1 -2 5 -20 1 2 -9 0 0 -14 -86 -68 -105 71 182 72 30 2 -146 -5 -114 -171 -97 29 -91 117 110 -44 88 -68 29 1
6 -3 -3 17 -3 4 13 -22 -16 -72 -46 17 -274 -221 -22 -42 47 -82 -135 9 -70 -198 -157 -153 -55 -166 -120 -131 -68 -28 -19 1
0 4 -8 22 5 14 -2 -13 3 -28 -24 103 -155 -173 -276 -28 16 -33 -86 -65 106 120 70 -34 -77 -42 146 55 5 -34 -11 33
-11 -7 -6 7 -5 -11 -3 2 16 13 13 -182 -74 -128 51 15 -219 -58 38 -164 -7 -88 -64 -1 89 -51 143 -108 37 -23 -68 -32
2 -2 1 8 6 9 -4 -13 14 -30 32 -98 154 -49 37 -155 10 -285 178 -246 -25 38 -23 -131 -242 -73 -91 4 -82 102 -73 41
3 -4 5 -9 -9 18 6 -13 -8 39 -39 -66 -116 -213 -312 -63 -139 97 -97 -62 -109 5 -71 -82 23 -106 -81 110 60 -51 0 30
-1 -9 -16 -28 1 -7 -4 13 20 -26 13 -32 -43 165 -118 -212 -142 164 -7 30 -2 -180 -125 -29 -7 -23 12 11 -17 57 11 10
-12 9 6 1 -9 4 5 -10 -6 -16 -29 -53 11 -8 100 -170 -11 152 87 -55 -18 141 173 51 -28 50 -69 -99 9 -51 87 34
9 9 -3 8 -8 6 8 -12 -12 22 -16 -60 -149 -245 7 88 -60 89 -182 -164 -148 -48 43 -119 132 -48 15 -98 -3 -70 47 24
-4 -3 3 4 7 15 -8 -2 -6 -16 -33 16 -46 -14 -118 -126 16 -17 -128 -209 -121 -39 0 -104 -139 -102 37 -119 -68 13 -83 62
-7 1 -12 16 12 19 -4 8 -10 32 -7 -135 -231 -28 -271 104 -244 -32 -171 197 -174 -233 -128 151 -27 -6 39 -53 -16 -92 0 -38
-2 -8 -12 13 11 5 1 11 -5 -6 -20 -14 -153 -167 -308 -314 -142 -158 5 -99 205 69 53 -176 -152 8 44 36 -66 9 53 -96
8 -12 -3 -11 4 3 10 8 39 -51 12 -113 -77 -5 -12 130 -254 -142 -3 121 -142 -82 -26 64 -16 50 -111 151 80 -85 38 10
0 1 -4 -13 4 7 10 8 3 -27 37 -33 -531 5 -258 92 -58 30 -169 57 -197 -238 19 116 13 -48 88 18 21 2 -7 -23
-7 -14 9 -9 -6 -8 -14 -11 -10 -48 -20 -145 -180 -78 -131 -107 -152 -183 -7 150 -13 -209 -96 76 84 62 -34 -116 36 26 -2 73
2 -4 9 12 13 5 -5 -16 -2 12 -25 -59 -113 -47 -292 -57 139 43 106 -15 79 9 -81 -30 35 66 -17 -25 71 -109 120 14
1 10 -8 20 1 -9 -12 7 -9 -54 -22 -70 -252 64 -128 -72 -204 -6 -107 -361 -86 -70 -164 16 -67 -240 -67 19 -52 -10 -39 41
4 1 -18 9 4 -1 0 -9 -14 -41 -34 -60 -157 -320 -151 -6 -86 -114 -93 -46 -69 131 -86 65 -79 -83 -76 -134 2 -31 -57 32
-3 9 -31 13 20 -3 5 -6 22 37 -51 -64 -21 -84 -69 -20 53 0 -122 -77 40 -159 16 -38 -71 -109 -111 54 -48 29 -60 -48
0 -6 -29 11 -6 5 -1 -5 -17 37 -90 -96 -213 -72 -192 192 -39 -189 -162 -89 -108 190 -326 -14 -233 -31 197 169 -64 -90 -47 -21
