-1 -1 1 -11 -11 -6 -13 2 0 -6 -9 -94 119 308 362 815 328 537 254 68 350 295 130 394 277 -18 414 98 156 2 127 39
-1 -1 -2 1 6 5 19 -10 8 -1 -88 -137 -133 169 367 652 478 437 483 429 68 -25 48 336 252 -95 -73 -94 -7 -23 73 105
13 2 -2 19 -9 -14 -11 3 -14 -17 -77 -105 67 582 805 1304 883 852 481 125 376 12 -71 102 -214 -360 21 -27 58 87 82 1
2 -4 3 23 -30 -22 9 12 -4 -17 -73 -112 457 481 1518 745 366 42 -14 318 4 -19 290 -113 22 96 27 123 39 125 44 4
-6 6 -5 -3 -10 -15 -17 -17 5 14 -74 228 694 749 697 351 481 391 460 472 149 393 705 491 232 157 166 191 130 20 36 -31
-3 5 -10 -9 -13 -11 13 9 -1 -19 75 85 395 547 723 425 221 236 -115 126 129 375 530 196 483 92 218 82 124 -1 -8 122
-1 -8 -4 2 1 -6 0 15 13 14 -83 48 239 563 1175 710 215 287 232 71 501 441 464 548 268 -43 -86 240 177 70 126 -12
-4 1 6 -16 -3 -2 -4 1 7 10 -13 22 -56 599 942 1111 706 561 330 434 500 473 200 569 88 68 311 170 201 58 30 46
1 1 -1 -3 0 -8 -7 0 -24 10 -44 -52 177 674 1370 743 640 656 275 683 727 157 385 26 -28 9 17 118 377 91 112 193
7 -18 -4 7 -24 -32 14 -5 -11 -47 -123 -163 57 432 1183 614 852 204 627 219 356 261 229 312 258 83 -26 536 -64 29 287 36
-5 -9 11 -2 -16 -8 -2 12 -5 -5 -112 -53 178 729 712 1101 568 568 505 580 422 308 227 65 76 -85 8 296 -95 -88 163 -89
2 -5 -2 0 -2 -15 -13 -5 3 12 29 -85 -32 195 444 878 296 -2 685 504 556 452 573 236 78 298 294 -19 -35 89 77 48
5 2 11 -1 2 -2 -16 8 1 -25 39 -152 -32 183 365 528 338 470 449 847 597 456 506 675 269 379 151 265 79 -16 61 -43
7 9 4 -2 -10 1 -6 -8 -10 -16 -62 -127 220 338 437 391 322 165 636 424 628 242 185 318 -7 93 186 145 -23 110 204 18
-8 3 -5 7 -8 7 -18 5 -9 28 42 16 11 298 369 -167 -80 67 551 529 395 426 451 126 64 64 234 167 24 214 58 9
2 -9 0 -2 -2 0 -8 -7 5 -30 -19 -188 98 419 633 511 232 120 490 769 728 255 70 31 -65 -423 -113 346 -24 136 60 -49
7 10 14 -3 -15 7 0 6 -3 -27 -70 -255 136 491 1017 821 448 399 644 513 601 182 42 -125 -443 -115 144 86 -35 115 66 52
-7 -3 -7 -18 -22 -7 8 3 -13 -18 -26 -58 55 -3 398 249 201 176 512 580 436 345 128 143 -34 -184 50 195 41 7 249 52
3 7 0 0 -14 12 -1 -3 10 4 46 94 215 4 264 363 -374 210 492 559 584 659 637 411 171 191 143 136 -100 83 6 40
-5 -4 -6 -8 -15 -12 1 4 4 -6 -40 -30 98 244 1068 643 291 277 269 549 553 707 169 191 16 -58 50 134 50 -13 76 24
-9 2 8 -12 -49 4 -14 1 24 -29 -23 -109 81 531 589 654 249 154 552 212 284 95 214 15 40 -56 270 79 -72 6 125 29
-1 -6 1 -10 -19 1 0 1 16 -13 -34 44 160 309 449 -41 348 304 679 567 528 453 426 286 173 239 122 14 -37 99 51 60
5 15 4 -7 -32 13 -3 -3 -10 15 -26 -20 193 676 737 479 243 363 516 657 327 277 232 124 -80 -58 348 87 173 80 -27 68
19 -5 -18 -12 -9 -2 5 -5 4 4 36 250 319 925 1090 498 318 283 611 550 524 568 325 303 -22 58 191 95 51 -12 41 85
0 7 -4 -6 -1 -2 7 -3 -3 -9 -42 206 228 1190 1550 947 383 366 745 510 811 481 -11 38 119 98 142 -53 79 173 114 -63
-5 -1 -1 2 -3 8 14 9 -27 -16 -4 108 406 768 829 519 345 193 614 1160 735 711 539 175 291 270 -22 293 150 29 47 78
-5 -3 -3 -16 -12 -8 -14 -13 1 -34 -59 -19 -79 369 921 429 -47 352 296 610 242 260 224 105 8 -182 39 157 10 51 66 35
-4 -3 0 -7 -19 -14 5 0 -17 -12 -29 -148 145 589 770 356 -89 189 195 36 266 344 -151 176 -60 -168 190 99 35 50 157 32
-9 -4 9 -15 -12 -5 -4 -6 -3 1 -70 -17 306 705 1109 554 156 140 167 442 640 282 135 60 -112 -11 325 67 109 191 64 198
-2 -15 1 -1 1 -15 -12 0 17 -5 191 433 568 517 273 305 -285 143 369 404 708 616 620 220 336 337 193 105 175 189 52 -29
0 -14 3 7 2 4 6 0 11 32 156 143 187 237 40 383 -117 20 439 626 593 431 442 473 420 329 173 226 233 148 53 102
5 1 -3 -17 2 -9 -9 -3 -27 -11 -105 54 75 360 455 426 117 75 618 565 377 392 313 85 85 16 -37 92 166 134 24 123
-1 5 4 -10 -1 -2 7 -22 0 -39 -62 10 74 514 868 626 468 360 690 435 49 41 -117 -54 -269 -156 126 255 -14 111 45 -87
1 -3 8 -9 2 6 -7 1 -21 24 -80 95 258 1055 804 778 390 599 555 24 407 577 36 258 59 -244 126 19 0 24 83 30
-8 -10 -7 2 4 -2 -8 3 -12 -61 -107 -206 341 639 1063 937 631 482 883 200 9 177 157 -110 -232 -154 106 66 78 128 -71 13
-6 6 -7 -23 3 -6 7 -5 -13 -64 -150 -67 480 956 1432 1087 428 396 507 329 42 236 -118 -221 -67 -287 -7 126 -48 52 18 92
5 -13 4 29 -19 -13 5 34 19 3 -205 -110 11 877 1138 849 513 564 634 579 129 73 -151 -240 -347 -409 215 42 -69 118 3 50
0 4 -7 -22 -8 -6 2 10 -20 -20 -111 -121 183 870 1101 736 158 190 300 657 355 331 30 -113 -223 -359 154 144 -30 42 81 -25
-11 7 3 -39 1 -8 -4 -14 -5 -41 -128 -122 120 610 969 692 78 233 513 863 784 415 92 261 -532 -73 176 73 -100 -40 108 23
2 3 4 -25 6 -9 -3 -1 5 -38 -62 23 301 840 664 744 195 661 333 579 579 141 2 114 -285 -19 282 159 140 -24 50 20
-6 14 -14 2 5 8 1 -12 -15 -21 -110 88 191 616 829 644 355 340 256 17 300 231 261 267 51 -97 88 221 -39 38 -14 12
-12 4 -3 -27 -9 0 -8 -1 -5 -12 -133 11 315 582 815 120 365 292 274 600 141 359 457 398 102 -81 201 146 -40 77 72 -11
0 0 6 0 -7 -14 9 0 -5 -44 -123 36 49 823 777 459 538 25 -74 92 -182 50 78 -191 -118 32 129 -59 -126 59 5 -51
0 1 13 39 -2 7 -10 6 -26 -12 -137 -99 649 1138 939 397 385 277 -27 292 53 84 158 158 -190 -117 81 -8 -8 23 77 3
2 -7 -11 -35 -9 -10 -14 -9 1 -50 -221 16 141 1123 1201 711 351 447 252 310 100 -7 2 -104 -510 186 266 0 22 61 -18 16
-1 8 17 -9 -10 0 7 -19 -43 -69 -115 -152 198 987 686 528 450 559 269 60 66 45 -4 -255 -324 16 132 -36 63 72 -2 67
6 1 -3 -11 -4 14 9 -11 0 -35 -90 88 -33 531 331 438 93 270 395 281 368 44 300 -74 -180 -141 231 85 -38 71 27 69
-8 -16 -5 -11 -13 7 -16 1 5 -19 -172 -85 256 943 868 574 319 706 263 41 273 96 -145 -64 -32 -148 198 0 -2 -71 21 -6
10 -1 8 -14 0 -1 -10 11 -15 -101 -176 -54 639 1097 1050 640 472 250 649 289 203 57 -11 -339 -394 30 162 59 43 97 -25 22
-4 1 8 1 -11 2 10 -2 -14 6 -246 -100 356 726 740 473 190 303 323 274 49 112 -94 -309 -155 -47 237 62 78 100 26 43
0 1 7 -9 1 8 7 2 -2 -39 -84 -23 346 809 716 391 302 375 366 100 113 -49 -189 -160 -183 -65 136 -22 26 107 31 -8
-11 -2 -2 -14 1 3 -4 -11 -40 -40 -79 40 562 929 927 485 485 361 533 359 337 191 67 -128 -221 -9 -67 31 81 54 112 -16
3 4 -21 -28 -12 0 -1 -7 -29 62 -46 265 336 647 764 604 489 595 850 606 377 463 489 212 307 6 164 222 121 77 144 -1
-4 -3 3 -10 10 1 -6 -16 -13 -2 -17 128 458 1055 1121 691 309 411 589 636 331 223 -48 -178 -229 -132 257 19 -5 106 60 -7
-12 5 -11 -11 -10 12 7 5 -5 2 -32 -24 196 519 413 552 185 510 662 768 304 231 331 316 78 207 235 72 0 95 49 -22
-5 -7 -5 -11 -21 -1 1 -1 -26 4 24 -20 212 129 114 -213 -191 431 487 496 497 397 236 63 333 289 172 280 14 60 117 -39
3 -20 10 -11 -11 2 -1 4 15 -51 10 33 710 702 811 481 30 197 153 209 358 364 52 -91 -20 99 118 167 46 -48 55 -23
-2 2 5 -28 3 17 -5 -11 -21 -30 75 40 132 -96 -242 -2 -50 251 369 269 179 411 415 389 339 180 149 132 124 8 80 -71
2 -9 1 -23 0 4 -12 -15 -17 -8 111 166 454 795 363 9 243 327 840 764 557 506 216 280 79 27 173 117 -69 49 8 54
3 1 8 8 -21 -7 -8 -18 -11 22 94 212 810 959 505 459 374 798 708 649 645 530 164 337 319 323 312 249 80 -26 79 -50
3 5 -4 17 -7 1 -26 -9 -28 -5 225 148 -39 212 59 254 -62 605 676 368 413 562 448 399 274 189 316 189 100 65 12 33
1 -2 3 -10 -2 -6 -6 -10 12 -79 120 182 839 896 841 291 100 542 637 539 500 652 223 404 138 283 249 29 52 134 31 88
-4 -6 -11 -3 6 -1 2 -2 40 7 44 58 951 910 1112 689 648 326 589 241 193 7 29 -137 -309 43 230 67 31 138 -63 -5
2 2 -42 -13 -6 2 -5 -15 -18 -42 -129 138 732 1033 1009 710 341 321 543 434 337 365 -412 21 -491 -81 504 162 -58 -92 77 37
