17 18 21 42 53 63 36 46 49 256 774 2876 6914 12564 17850 18035 17048 16084 13941 14284 14173 12569 12513 12417 10788 9763 8749 6629 5258 4126 2584 1584
15 21 21 32 59 51 23 43 57 102 423 1806 5339 9921 13736 14601 13797 12092 10596 10658 10252 8905 8580 8271 6683 5705 4736 3539 3005 2383 1754 1242
13 15 23 69 66 56 211 43 45 108 491 2748 7179 12381 15272 15061 14074 11835 10370 10276 8747 7578 7315 6929 5739 5261 4386 3570 3116 2584 1914 1322
30 28 19 43 67 57 43 52 45 113 862 4677 11188 17028 20224 20566 17971 15699 14721 13494 11408 11171 10112 8814 8118 6953 6417 5344 4565 3570 2560 1717
24 19 21 51 62 40 35 42 49 135 1289 5689 12232 18504 21728 21888 19252 16562 14731 12828 11731 10770 9724 8966 7884 7262 6395 5334 4431 3371 2705 1624
22 21 21 41 58 48 41 32 46 143 1005 4576 10122 15844 19604 18461 16729 14612 12984 12030 11556 10790 9673 9001 7960 6537 6087 5669 4512 3503 2535 1711
7 19 14 35 64 42 42 46 49 132 937 4022 8450 13415 15885 14943 13941 12004 10674 10649 10696 9911 9741 9000 7309 6456 6488 5821 4667 3538 2402 1551
20 18 24 35 72 39 33 47 57 113 639 2634 6280 10756 14035 14673 14347 12045 10849 10009 9746 9038 8520 7477 6116 6143 5066 4618 3854 2770 2073 1499
22 23 21 39 73 41 34 42 39 129 769 3372 7660 14195 17731 18896 18342 16158 16114 15218 14155 14450 13256 10728 11441 10204 8723 8222 6446 4828 4174 2812
22 16 22 54 84 41 47 44 52 132 749 2984 7067 12547 14673 16554 14403 13272 14393 13312 13411 13494 11982 12147 12500 11162 10995 9845 7405 6455 4693 2806
13 20 11 42 72 50 29 43 57 141 634 2594 5930 10321 12641 12485 11497 10776 10140 9705 9767 9325 8507 8135 7726 7387 7224 5683 4858 4007 2823 1997
12 19 19 54 67 32 57 31 47 123 653 2683 6691 11479 14807 14004 13150 10880 10415 9269 8776 9249 7834 7141 6558 5882 4394 3856 3146 2321 1700 1226
12 15 17 232 71 50 35 48 44 134 709 3402 6989 11917 14710 13771 12853 11376 10285 9742 9465 8924 8171 7982 6993 6277 5225 4671 3818 2714 1958 1246
18 19 16 49 82 36 32 34 56 144 788 3051 6853 10853 13190 13263 12652 11342 10301 9598 9378 8022 8056 7769 6329 6154 5459 5022 4044 3190 2185 1683
28 28 24 46 64 46 38 48 40 143 732 2797 6117 9969 12550 12210 11179 9393 8566 7723 7187 6453 6370 5517 4844 4562 4198 3871 3175 2497 1996 1234
24 22 23 47 91 45 46 43 46 138 804 3069 6491 10318 12260 11822 10895 9382 8623 7394 6927 5959 5476 5082 4502 4545 4357 3809 3138 2513 1689 1764
22 29 20 62 85 44 50 27 39 133 700 2683 5707 9052 10228 10417 10062 9057 8512 7963 7211 6421 5947 4760 4960 4819 4330 4036 3523 2795 1867 1286
17 26 15 61 83 197 42 38 56 99 626 2190 4592 7227 8845 9108 8723 7844 8120 7602 7167 6134 4865 4790 4367 4070 4019 3486 2953 2311 1603 1049
16 22 16 58 79 34 39 38 48 172 865 3235 6253 9684 12261 12069 10278 9282 9364 8791 7616 6822 6470 5257 4560 4337 3674 3145 2467 1849 1328 880
19 19 13 44 82 32 51 40 43 167 684 2655 5511 8552 10982 10814 9688 8491 8526 7886 6832 6536 5727 4704 4461 3914 3368 2999 2650 2150 1553 903
15 17 17 64 70 33 38 43 49 129 647 2037 4413 6919 9083 8770 8125 6656 7065 6919 6105 5900 5751 5001 4828 4315 3833 2949 2463 1986 1422 911
21 29 12 69 72 50 50 43 106 147 876 2795 6113 9556 11477 11106 9431 8839 10085 9219 8639 8560 7638 6909 5884 5247 4158 3323 2887 2090 1540 1041
16 21 24 72 53 49 36 37 60 139 717 3061 5974 9113 10319 9541 7731 6826 7367 6785 6227 6069 6097 5561 4808 4746 3824 2927 2539 1657 1293 883
68 23 19 59 80 33 47 24 52 179 1019 4010 7989 12588 14240 12637 9350 8519 8347 7378 7072 6327 6340 5974 5455 5130 4605 4041 3132 2218 1731 1039
19 7 22 60 71 34 417 31 57 215 1107 3983 8248 12640 14096 13141 10845 10600 10713 9767 9729 9256 8828 7655 7060 6487 4907 4254 3412 2500 1783 1063
27 21 22 67 68 39 39 42 54 197 1069 3699 6970 10294 12133 11021 9366 9266 10107 9634 10105 9975 8277 7085 6788 5323 4739 3896 3050 2537 1738 1012
20 18 26 64 58 35 28 30 70 186 1003 3622 6774 9645 10739 9584 8209 7887 7794 7611 7340 6545 5616 5104 3937 3505 3161 2660 2207 1694 1181 776
21 13 20 94 307 46 38 41 55 255 1040 3449 6518 9209 10098 9239 8140 7655 7419 6749 7719 6498 6173 6183 4716 4332 4120 3303 2441 1842 1379 898
32 28 21 89 66 38 39 46 67 255 1506 4846 8159 10576 11668 9953 8586 8062 7731 7456 7368 6550 6815 6115 5729 6221 5326 4419 3792 3036 2332 1686
30 15 21 88 59 40 43 32 64 344 2154 6118 9667 11922 12110 11298 9435 8271 8092 8107 8277 7313 6354 5677 5488 5259 4983 4407 3689 2572 1722 1025
23 19 23 70 62 43 30 38 68 247 1489 4070 7758 10755 11987 10813 8956 7461 7078 6717 6583 5799 5145 4655 4245 4639 4147 3741 3388 2172 1510 972
24 45 23 81 47 42 36 34 60 200 1020 3102 6909 9782 11058 10561 9362 7943 8024 7137 6188 5868 5561 4911 4606 4021 3485 3236 2679 2051 1222 904
28 21 20 88 43 38 48 37 70 253 1296 4215 8401 12141 13413 11971 10034 9114 8510 7153 6738 6123 5307 5265 4441 4199 4175 3423 2728 2269 1499 950
18 23 30 96 52 33 43 31 70 311 2068 5935 11524 16001 17162 14316 12944 12110 10218 9531 10332 8652 8601 8082 5856 5270 4815 4053 3429 2654 2000 1360
28 20 27 94 47 39 41 35 70 235 1452 4358 8546 10984 11834 11310 10254 9418 8618 7073 6982 6635 5633 6345 5339 4526 4522 3749 2785 2273 1718 1061
22 14 25 76 35 42 39 45 81 310 1617 4586 9346 11021 11669 9967 8432 7408 7343 6099 6356 6006 5449 6513 5370 4592 4378 3719 3038 2506 1706 1038
13 15 30 121 50 32 35 48 80 266 1571 4270 8892 11425 11566 9971 8301 7822 8027 7184 6315 5931 5702 5741 5474 5161 4543 3681 3044 2452 1740 1102
22 16 19 107 56 28 62 40 81 245 1292 3729 7041 9699 10025 8661 7402 7529 7646 7101 6016 5419 5417 5182 4360 4152 3970 3311 2540 2136 1510 867
18 19 27 96 64 24 35 34 88 254 1273 4072 7445 10278 11234 10200 8633 9304 8764 8210 7294 6970 6994 5726 4901 4847 3844 3284 2747 1787 1358 766
22 13 21 101 39 31 39 32 67 213 1160 3514 6196 8247 8401 7746 6924 7492 6612 6131 5457 5438 5493 4874 4322 4342 3710 2921 2462 1832 1244 784
15 23 27 107 42 25 33 37 85 242 1179 3854 6474 8731 9805 8671 7394 7133 6444 6334 6385 5905 5891 5224 4377 4281 3691 2631 2000 1654 1190 731
206 18 26 133 42 45 36 43 95 319 1662 4928 9307 12225 14158 11322 9822 9705 9150 8884 8019 7023 6260 5210 4270 4131 3736 2900 2547 2107 1252 841
34 16 25 114 48 42 40 43 119 483 2975 7737 13417 15832 16493 14133 11931 10496 9618 8978 8169 7449 7394 6317 6044 5575 4350 3637 2813 2133 1477 1158
25 14 28 81 50 43 43 37 103 401 2101 6488 12907 16511 17353 15103 12872 11013 10445 10083 8573 7576 6980 5728 4796 4861 4258 3532 2820 2330 1495 914
20 14 22 104 49 36 37 37 97 274 1556 4637 8932 11565 12964 11031 9894 9300 8770 8030 7234 6474 6093 4669 4762 4625 3715 3084 2716 1975 1191 805
13 24 33 92 35 36 32 43 98 328 1739 4708 8248 10149 10376 8404 6846 6513 5634 5943 5395 5581 5661 5283 4797 4660 4248 3404 2735 1985 1246 1234
24 14 34 85 34 33 39 42 97 276 1369 3841 7100 9277 9226 7665 6501 6461 5919 5709 5582 4594 4443 3821 3657 3343 3055 2449 1949 1641 1015 624
21 33 34 82 40 52 38 44 96 308 1580 4432 7103 9473 9077 7651 6777 6664 5388 5297 5163 4382 4670 4633 3814 3672 2946 2497 1821 1437 1074 727
24 18 39 89 36 34 42 53 108 369 2071 5291 8332 10294 9749 8166 6789 7099 5701 5277 4759 4518 4450 4241 4404 4061 3257 2670 2132 1606 1211 691
15 18 33 96 46 26 38 47 95 310 1578 3895 6589 8224 8259 6980 6404 6375 5817 5315 4840 5103 4580 4250 4121 3907 3120 2351 1839 1370 1019 689
13 25 52 230 43 52 46 30 91 375 1534 3439 5820 7362 7591 6569 5587 5306 4794 4687 4425 4431 4408 4407 3711 3228 2762 2177 1739 1224 766 493
24 15 38 87 48 35 37 41 104 363 1741 3682 6570 8710 9209 7818 7045 6260 5435 4515 4203 4106 3700 3325 3418 2866 2630 2361 1684 1289 805 470
16 12 37 70 38 64 34 51 132 460 2044 4899 9877 14261 15828 13562 11870 10302 9643 8810 8481 8046 6979 5624 4792 4256 3408 3011 2288 1487 1026 668
23 17 54 76 42 26 45 36 122 422 1990 4529 8785 13099 13539 11555 10039 9198 8725 8234 7060 6563 5698 5440 4731 4508 3813 2956 2874 1973 1401 988
22 19 59 64 28 30 46 38 123 332 1695 4339 7818 10763 11108 10657 9683 9917 9493 9446 8176 7199 7091 5707 5074 5654 4480 3180 2672 1985 1083 728
13 21 64 80 29 35 41 36 127 478 1994 5165 9284 12145 12243 11750 10709 10654 8685 8386 7402 7051 6083 6118 6021 4688 4421 3519 2418 1575 1007 715
12 21 73 77 28 39 28 48 113 631 2833 6874 11911 14794 14541 10700 9947 9574 8242 7622 7592 7070 6430 5731 5296 4544 3818 3145 2415 1623 1053 679
17 21 63 72 30 41 30 43 122 522 2560 6434 11104 12640 12581 9907 9108 9421 8406 7560 7154 6644 5534 5626 4859 3924 3235 2806 2010 1474 933 732
26 26 62 61 45 54 42 54 132 585 2678 6475 11725 13281 11766 10063 9833 9449 8831 7989 7313 6768 5289 5091 4202 3492 3048 2542 1755 1463 886 500
17 27 68 56 30 34 39 60 147 553 2782 6510 11789 14423 13706 10100 8852 8805 8267 7408 6935 6729 5269 6164 5216 4555 4435 3381 2516 2016 1266 682
16 38 83 53 41 48 40 42 137 608 2264 5388 8810 11185 11495 9735 9005 8051 7674 7396 6293 6198 5331 5018 4886 4584 4107 3107 2442 1719 1175 646
15 18 99 47 32 41 35 63 169 772 3446 6989 10865 12931 12518 9930 9781 9810 9386 8812 7864 7416 6159 5625 5310 4779 4240 3664 2544 1798 1240 733
19 9 94 48 36 36 37 56 185 662 3032 6734 10201 11539 10988 9031 7893 7904 7556 6533 6176 5916 5498 5006 4540 4530 3712 2808 2401 1658 1122 717
17 23 90 29 34 31 42 54 135 542 2522 5427 8879 9754 9887 8212 7745 7049 7694 6698 6978 6047 6730 6461 4853 4851 4187 2794 2307 1828 1258 753
