22 18 22 39 59 57 36 50 47 241 791 2776 6912 12251 17589 18132 16937 16253 13557 13743 14235 12564 12213 12172 10631 9678 8725 6583 5428 3969 2562 1473
15 21 15 37 71 62 53 36 48 97 402 1733 5239 9809 13632 14359 13771 12060 10534 10868 9950 8646 8398 8031 6569 5554 4766 3400 2957 2415 1736 1228
26 19 21 83 56 41 174 35 35 96 448 2647 7158 12216 15028 15040 13916 11700 10164 10149 8847 7557 7058 6864 5643 5091 4385 3492 3026 2615 1964 1269
11 17 23 54 51 45 38 50 45 115 852 4406 11046 16904 20151 20609 17640 15339 14388 13299 11291 11023 10047 8754 7943 7036 6340 5386 4516 3654 2608 1783
16 25 17 40 67 35 38 31 50 164 1245 5643 12234 18226 21471 21461 19123 16386 14658 12835 11769 10802 9675 8833 7742 7062 6307 5327 4487 3493 2594 1674
17 20 17 35 71 43 43 43 43 127 1045 4434 9969 15968 19541 18332 16529 14672 12815 11829 11638 10796 9562 8848 7931 6601 6193 5561 4587 3492 2485 1682
13 20 20 40 66 44 37 37 53 133 869 4081 8421 13435 15927 14808 13843 11768 10794 10649 10713 9777 9505 9051 7059 6423 6415 5791 4646 3478 2470 1461
16 18 26 32 69 46 43 39 54 121 626 2671 6072 10820 13983 14722 14248 11847 10771 10034 9384 8862 8677 7542 6119 5984 5195 4567 3921 2820 2023 1495
17 17 24 37 70 42 33 31 25 136 707 3244 7503 14142 17527 18535 18102 16359 15997 15183 14307 14284 13154 10812 11458 10159 8693 8083 6458 4847 4103 2745
18 10 20 57 59 33 48 44 32 111 727 2941 6952 12476 14637 16362 14286 13134 14189 12790 13222 13435 11583 12199 12271 10848 10842 9723 7155 6353 4747 2788
18 13 25 47 68 39 33 44 50 137 637 2590 5871 10349 12588 12552 11411 10692 10034 9541 9761 9364 8391 7987 7623 7308 6949 5579 4895 3986 2783 2007
22 17 22 44 69 34 41 37 52 141 679 2614 6510 11380 14422 14262 13187 10821 10443 9130 8983 9079 7671 7088 6585 5636 4361 3701 3115 2288 1714 1211
16 18 24 239 76 35 24 36 54 126 702 3540 6945 11593 14445 13882 12413 11484 10292 9824 9420 8737 8209 8149 7015 6290 5321 4695 3713 2673 1916 1205
23 16 21 60 75 36 29 40 49 133 768 3097 6797 10656 12982 13174 12404 11231 10322 9408 9321 7783 8054 7893 6288 6174 5313 4877 4091 3090 2292 1641
12 22 17 65 76 41 30 36 51 153 761 2735 6058 9953 12276 12057 11067 9052 8586 7699 7155 6352 6281 5230 4788 4489 4148 3882 3036 2595 1945 1245
18 21 21 52 92 42 34 40 58 138 760 3036 6595 10090 12014 11765 10705 9306 8395 7395 7113 5899 5372 5025 4541 4353 4192 3570 2972 2682 1686 1638
24 29 23 53 91 42 43 40 41 134 678 2532 5574 8918 10104 10341 9920 8869 8532 7859 7271 6325 5717 4793 4773 4727 4249 4071 3411 2723 1837 1189
16 22 16 56 77 205 42 44 46 140 563 2153 4503 6997 8768 9044 8453 7756 8182 7519 7204 6071 4785 4729 4332 3996 4019 3600 2868 2309 1652 1058
24 28 21 58 77 42 37 44 54 160 794 3238 6223 9401 11972 11834 10089 9260 9096 8582 7649 6973 6336 5140 4547 4193 3677 3155 2418 1854 1325 878
15 15 18 64 65 38 42 52 54 156 658 2562 5459 8453 10870 10701 9702 8360 8514 7832 6806 6777 5548 4786 4420 3896 3384 2945 2507 2088 1495 936
14 23 24 57 59 43 30 38 67 120 638 2079 4307 7029 9001 9053 7881 6842 7087 6756 5971 5869 5696 4936 4898 4347 3887 2805 2371 1930 1463 924
17 18 19 69 68 47 30 46 108 156 789 2803 5941 9473 11359 10605 9351 8674 10006 9187 8484 8439 7550 6828 5961 5459 4047 3213 2769 2047 1513 1054
22 27 25 65 55 56 36 30 57 185 759 2967 5855 9305 10091 9420 7778 6874 7193 6707 6226 6020 6084 5418 4702 4656 3962 2964 2567 1735 1187 877
74 16 14 70 68 44 43 35 61 202 1056 3974 7759 12422 14062 12229 9451 8357 8266 7476 7057 6456 6341 6139 5329 5293 4640 4012 2969 2125 1660 1103
18 27 26 64 72 39 422 36 49 191 1010 3966 7986 12551 13999 13015 10798 10086 10688 9518 9843 9514 8597 7542 7022 6326 4991 4143 3311 2474 1710 1030
13 14 21 75 55 60 41 43 54 182 979 3613 7125 10156 12014 10975 9385 9255 10042 9748 10192 10008 8345 7169 6649 5276 4649 3850 3093 2421 1761 1007
14 16 14 62 58 30 39 25 71 177 1001 3621 6593 9555 10632 9416 7960 7895 7703 7562 7463 6485 5655 5011 4002 3442 3171 2665 2188 1766 1250 768
19 18 16 79 283 40 44 40 62 255 1039 3499 6558 9238 10252 9175 8072 7836 7294 6768 7715 6354 6144 6008 4713 4350 4114 3253 2547 1897 1375 917
22 13 23 85 53 32 39 36 59 247 1429 4620 8071 10785 11853 9991 8571 8061 7581 7508 7451 6606 6699 6050 5574 6114 5432 4265 3816 3075 2279 1761
18 12 24 76 55 29 38 43 85 353 2179 5957 9587 11874 12087 11254 9329 8363 7828 7992 8286 7173 6384 5600 5459 5240 4939 4334 3699 2557 1607 1001
19 10 19 90 57 45 42 37 75 257 1439 4083 7603 10726 11535 11025 8942 7352 7056 6664 6576 5790 5082 4537 4270 4478 4074 3818 3379 2223 1519 1030
25 41 21 92 59 39 38 42 65 187 949 3140 6704 9860 11017 10425 9088 7972 8091 7191 6169 5954 5361 4827 4618 3873 3469 3199 2787 2078 1329 879
25 17 26 83 50 35 40 18 67 224 1323 4140 8364 12007 13256 11928 9999 9213 8687 7188 6735 5987 5241 5312 4413 4097 4165 3472 2660 2105 1434 930
19 15 28 88 55 39 36 40 68 351 2053 5935 11379 15800 16965 14268 13013 12106 10091 9523 10236 8562 8456 8060 5845 5257 4901 3948 3334 2708 2032 1301
23 16 17 103 52 36 44 43 72 229 1379 4164 8330 10746 11778 11186 10097 9399 8822 6981 6799 6435 5765 6531 5401 4677 4415 3695 2793 2234 1669 1123
22 26 20 88 53 44 54 32 72 259 1522 4586 9215 11000 11705 10156 8234 7461 7230 6016 6132 5945 5535 6390 5415 4409 4288 3737 2932 2454 1675 1047
25 17 22 146 41 38 37 58 106 302 1436 4177 8677 11273 11773 9932 8414 7976 7877 7112 6410 5832 5700 5622 5378 5013 4510 3578 2964 2519 1733 1116
21 25 26 104 46 35 51 42 71 261 1243 3602 6950 9767 10051 8607 7243 7457 7596 7065 6007 5495 5444 5045 4295 3995 3900 3247 2477 2093 1508 863
16 22 21 97 49 28 36 29 93 264 1305 4015 7365 10011 11009 9970 8528 9054 8635 8358 7412 6925 6930 5720 4772 4700 3868 3219 2504 1826 1368 787
20 13 28 95 55 33 42 36 103 243 1099 3492 6036 8111 8357 7787 6735 7445 6417 6082 5514 5288 5331 4803 4332 4239 3643 3033 2483 1700 1244 730
22 27 22 115 45 38 41 45 83 217 1148 3774 6550 8658 9874 8682 7378 7021 6382 6357 6485 5837 5828 5215 4339 4311 3712 2583 2006 1619 1161 710
192 17 23 113 39 47 41 35 102 310 1633 4855 9072 12226 14302 11302 9808 9675 9260 8932 7858 6924 6214 5217 4241 4030 3669 2943 2460 2058 1279 790
19 18 28 125 41 33 40 38 100 485 2860 7660 13186 16017 16441 14050 12023 10274 9352 9004 7992 7491 7512 6124 6039 5591 4452 3526 2748 2054 1517 1092
14 16 27 127 42 46 32 38 77 418 2136 6217 12862 16483 17389 14846 12840 11138 10119 9988 8366 7422 7034 5636 4657 4834 4244 3336 2870 2226 1470 894
21 12 27 84 50 38 28 37 97 260 1470 4569 8827 11636 13146 11103 9924 9302 8624 8025 7120 6303 5996 4698 4671 4742 3825 3040 2804 1907 1220 806
19 21 30 109 32 40 45 21 82 256 1693 4725 7974 9928 10354 8362 6893 6431 5499 5952 5325 5383 5504 5130 4742 4494 4128 3273 2667 1957 1227 1235
24 18 26 107 39 47 37 29 100 248 1345 3944 6945 9104 8950 7637 6517 6428 5833 5644 5688 4714 4513 3787 3580 3301 3201 2504 1954 1607 1004 657
10 26 28 89 35 41 35 46 112 321 1593 4250 7029 9345 9128 7666 6558 6606 5426 5133 5156 4294 4606 4632 3903 3621 3089 2389 1858 1414 1006 695
26 16 40 97 42 43 38 40 122 339 2103 5193 8486 10245 9786 8011 6799 6814 5879 5031 4734 4556 4427 4110 4162 3988 3166 2674 2050 1708 1138 732
18 14 38 87 37 44 44 34 87 349 1539 3829 6473 8011 7947 6917 6265 6472 5720 5253 4731 5108 4509 4168 4144 3801 3039 2461 1899 1319 1019 719
12 16 36 202 44 45 42 43 111 349 1547 3407 5777 7527 7473 6357 5445 5470 4787 4717 4423 4251 4283 4378 3704 3205 2774 2188 1722 1281 777 503
12 24 44 88 39 39 42 31 98 347 1712 3629 6581 8702 9309 7648 7034 6412 5522 4460 4185 4247 3873 3376 3390 2916 2561 2262 1693 1238 892 504
25 21 34 78 30 70 42 39 120 482 2028 4839 9728 14016 15835 13650 11810 10391 9461 8646 8333 7998 7022 5505 4924 4208 3423 2913 2285 1417 1073 692
19 14 57 80 49 41 37 34 116 406 1957 4545 8739 13085 13421 11429 10055 9181 8597 8025 6939 6524 5698 5336 4592 4406 3850 2837 2806 1986 1318 1050
15 20 47 80 40 49 42 46 113 364 1688 4204 7587 10735 10837 10761 9439 9885 9322 9643 8002 6966 6963 5858 5047 5648 4519 3127 2656 1893 1083 690
11 13 52 93 40 40 42 47 122 472 1974 5151 9131 11978 11935 11436 10567 10496 8690 8287 7607 7120 6136 5942 5869 4696 4465 3555 2352 1584 1060 619
20 9 70 66 32 42 38 56 152 580 2845 6761 11834 14789 14529 10830 9693 9432 8239 7743 7450 6988 6404 5795 5280 4594 3707 3296 2495 1538 1091 689
17 22 59 59 34 48 40 51 125 495 2597 6401 10573 12645 12323 9999 9050 9451 8237 7617 6957 6406 5553 5742 4872 3876 3323 2824 2031 1476 926 709
19 12 71 52 39 46 28 43 122 537 2658 6330 11545 13203 11635 9956 9681 9266 8824 8139 7300 6559 5193 5167 4286 3554 3014 2426 1791 1489 884 573
19 23 77 68 43 39 34 44 145 565 2757 6451 11676 14376 13414 10043 8991 8848 8373 7393 7014 6738 5188 6134 5251 4621 4418 3356 2587 1907 1386 696
17 48 75 73 42 39 28 49 128 554 2242 5318 8558 11249 11367 9663 8801 8045 7567 7035 6207 6128 5167 5034 4819 4344 4040 3126 2390 1709 1136 687
19 19 81 56 36 40 35 54 155 731 3412 6929 10708 12611 12367 9924 9695 9696 9293 8766 7795 7547 6073 5690 5231 4696 4164 3530 2546 1767 1183 765
16 18 63 61 56 33 42 50 207 699 2981 6670 10180 11455 10919 9011 7946 7904 7434 6456 6216 5757 5514 4968 4469 4421 3601 2862 2353 1687 1062 669
17 17 61 40 28 36 41 49 118 579 2432 5331 8666 9682 9695 8404 7706 6860 7532 6609 6870 6237 6404 6447 4620 4820 4384 2963 2243 1738 1211 732
