23 14 18 47 70 62 44 54 45 256 791 2891 6795 11903 17184 17277 16598 15741 13271 13719 13878 12263 12032 11748 10395 9717 8335 6475 5284 3993 2453 1453
15 22 17 35 66 57 29 44 42 99 494 1883 5375 9643 13273 13730 13294 11658 10098 10415 9904 8681 8434 7760 6306 5666 4830 3491 2963 2451 1671 1121
15 18 22 65 67 53 185 29 49 116 514 2776 7094 11647 14182 13764 13079 10864 9736 10021 8460 7593 7143 6761 5886 5447 4391 3533 2986 2518 1907 1290
11 21 22 28 86 65 31 34 49 131 938 4534 10615 16518 18697 19794 17318 15308 14403 13004 11323 11082 9763 8849 7955 6983 6344 5268 4470 3569 2552 1763
23 18 21 42 77 46 57 51 44 154 1296 5433 11584 17476 20783 21041 18677 16105 14260 12378 11616 10415 9011 8370 7481 6903 6175 5156 4402 3503 2554 1704
20 14 24 44 83 54 31 35 49 146 982 4418 9640 15377 18821 17920 16291 14502 12988 11727 11571 10449 9045 8606 7465 6469 5979 5535 4448 3498 2507 1557
14 30 22 36 59 50 40 20 41 122 959 4031 8217 12896 14728 14090 13596 11569 10527 10630 10279 9368 9031 8531 6790 6482 6521 5563 4481 3407 2355 1470
19 16 17 52 71 47 43 41 46 112 647 2676 6148 10294 13066 13689 13611 11307 10450 9555 8905 8450 8509 7033 6038 5924 4880 4422 3724 2766 1990 1450
17 17 25 43 73 50 41 36 52 126 768 3289 7337 13487 16157 17830 17469 15825 15748 14520 13687 14182 12730 10835 11481 10152 8667 7925 6169 4756 3990 2541
9 27 24 52 84 70 31 51 43 163 842 3077 6895 12112 13439 15735 13483 12980 13582 12618 12842 13233 11352 11893 12094 10816 10831 9203 7226 6336 4461 2781
24 24 13 50 83 50 37 31 57 138 759 2641 5682 9641 11894 11555 10812 10168 9582 8961 9357 9068 8196 7929 7587 7348 6955 5300 4984 4091 2604 2107
22 22 24 43 72 44 50 46 47 126 667 2683 6539 11131 13946 13381 12927 10793 9729 8578 8471 8651 7105 6859 6473 5368 4078 3701 3100 2201 1654 1171
12 14 14 248 74 38 42 31 52 143 662 3650 7014 11459 14060 13349 12084 11051 9822 9050 8853 8247 7708 7461 6728 5905 5179 4439 3641 2701 1832 1252
15 7 15 63 83 32 36 48 64 148 834 3250 6619 10294 12533 12804 12041 11125 9725 8984 8741 7530 7884 7586 6281 6094 5120 4705 4165 3000 2080 1625
22 19 23 59 85 38 49 36 57 129 732 2737 6032 9694 11947 12238 11185 8988 7983 7196 6748 5957 5840 5076 4732 4422 3910 3719 3017 2406 1853 1240
17 32 19 52 101 42 43 48 53 165 787 3221 6491 9700 11340 11259 10513 9190 7969 6654 6365 5642 5310 5038 4585 4749 4295 3275 3029 2572 1631 1693
15 22 11 54 101 35 42 33 44 160 752 2797 5489 8444 9074 9509 9420 8511 7941 7350 6672 6131 5728 4917 5251 4871 4097 4000 3443 2583 1742 1140
22 22 25 72 98 214 32 38 63 157 598 2209 4496 7047 8385 8786 8236 7601 7645 6928 6746 5760 4618 4564 4361 4178 3969 3420 2832 2322 1406 1013
23 19 20 62 92 33 36 45 47 158 741 3137 6011 9422 11742 11519 10460 9052 8632 8033 7082 6330 5727 4736 4395 3995 3572 3038 2500 1767 1317 850
19 19 23 71 82 49 41 47 47 162 695 2586 5371 8159 9806 10085 9440 8071 8243 7252 6306 6097 5387 4599 4396 3990 3345 2823 2474 2067 1428 912
25 20 17 68 103 41 41 37 44 149 668 2222 4211 6508 8425 8415 7656 6715 6523 6568 5738 5807 5527 4953 4882 4394 3603 2750 2401 1925 1350 899
19 23 17 82 84 46 31 40 97 165 827 2792 5788 9181 10904 10645 9001 8366 9314 8635 7973 8002 7138 6569 5793 5178 3942 3212 2814 1954 1472 977
15 12 20 71 88 45 44 31 69 177 790 3008 5661 8578 9320 8947 7508 6514 6725 6097 5903 5760 5890 5303 4815 4730 3614 2882 2395 1630 1210 801
55 19 30 80 81 45 39 41 56 197 1004 3776 7470 11494 13086 11714 9128 8052 7635 6943 6531 5897 6002 5859 5374 5195 4482 3949 2940 2139 1631 1002
21 19 32 72 79 44 417 40 51 198 1054 3795 7794 11391 12413 12125 10392 9749 9990 8977 9076 9044 8643 7492 6909 6261 4886 4187 3213 2321 1578 1081
17 20 20 73 59 49 30 34 86 202 989 3539 6799 9363 11159 10458 9023 9055 9406 8645 9426 9277 7832 7033 6343 5015 4668 3591 2936 2375 1703 934
19 16 20 79 67 37 52 36 71 219 1055 3671 6738 9208 9694 9024 8004 7493 7447 6928 7238 6252 5434 4917 4035 3599 3138 2513 2178 1693 1163 763
22 19 17 86 307 55 43 41 76 275 1072 3646 6434 8702 9496 8816 8198 7633 7124 6767 7452 6042 6282 5846 4772 4510 3948 3207 2510 1843 1216 894
33 17 15 97 68 37 42 43 60 256 1509 4610 7727 10118 10727 9421 8456 7933 7454 7125 6836 6341 6535 5991 5725 6184 5170 4212 3718 2897 2229 1572
20 25 25 76 56 41 46 44 72 366 1976 5526 9017 11416 11820 10911 9607 8209 7430 7594 7595 6542 5747 5387 5109 4877 4777 4244 3546 2381 1566 1034
18 23 17 83 53 41 35 38 67 229 1290 3967 7408 10551 11559 10743 9055 7323 6624 6032 5973 5369 4648 4073 3862 4188 3919 3600 3158 2070 1475 918
20 40 25 109 54 40 44 46 93 196 1076 3113 6652 9512 10566 10003 9023 7851 7417 6672 5796 5571 5080 4711 4539 3846 3535 3114 2599 1960 1304 768
25 12 22 98 53 36 35 36 68 267 1368 4137 8269 11511 12379 11321 9534 8840 8026 6759 6691 5893 5372 5349 4734 4293 4028 3227 2681 2003 1377 1031
18 16 18 96 54 33 42 38 88 335 2156 5861 11138 14820 16128 13541 12699 11493 9522 9484 9762 7999 8479 7849 5785 5492 4762 3930 3328 2688 1963 1299
32 25 23 103 47 41 50 41 81 297 1469 4367 8030 10159 10715 10243 9490 8966 7971 6840 6814 6277 5579 6639 5600 4867 4302 3651 2722 2111 1731 1092
31 20 28 112 53 48 47 40 87 323 1660 4610 8696 10074 10301 9123 7843 7057 6712 5702 6068 5685 5617 6632 5470 4728 4264 3597 3012 2402 1666 954
20 28 17 122 54 49 30 23 87 299 1652 4291 8710 10455 10655 9092 7882 7481 7278 6519 6309 5791 5843 5840 5731 5447 4325 3500 3041 2421 1726 1099
21 22 30 126 53 44 52 29 92 291 1359 3724 6777 8975 8976 7875 7044 7237 7292 6407 5669 5183 5450 5174 4537 4382 3782 3133 2525 2050 1415 877
28 16 20 133 47 39 37 44 97 290 1426 4135 7239 9443 10039 9252 8453 8827 8165 7518 6666 6487 6828 5436 5305 4777 3705 3138 2574 1877 1256 755
19 12 23 124 49 43 39 37 97 291 1161 3465 5714 7305 7678 7014 6562 6844 6084 5491 4973 5146 5305 4713 4650 4269 3338 2882 2355 1723 1201 711
28 14 37 119 44 30 36 54 95 231 1270 3718 6368 8021 9026 8008 7022 6725 6160 6372 6205 5630 5562 4957 4246 4347 3612 2378 2063 1577 1173 698
204 13 31 138 49 51 44 35 106 323 1748 4843 8788 11631 13516 11200 9417 9455 9034 8342 7680 6542 5745 4789 4114 4091 3477 2821 2518 1992 1202 811
18 18 19 128 42 42 35 38 111 537 2963 7689 13180 15270 15686 13648 11542 10196 9462 8897 8194 7499 7391 6320 6182 5589 4379 3583 2861 1981 1531 1133
12 14 15 94 43 39 42 29 105 427 2279 6333 12241 15415 16446 14466 12432 10851 10142 9665 8304 7315 6870 5473 4840 4971 4190 3363 2877 2226 1391 908
20 19 35 123 57 50 43 46 97 309 1692 4579 8707 10528 11991 10329 9577 8869 8363 7725 7012 6311 5998 4774 5208 4559 3531 3024 2793 1852 1215 808
21 14 13 121 42 41 39 39 124 329 1790 4872 7823 8921 9627 7818 6405 5905 5220 5855 5279 5376 5570 5402 5018 4506 3985 3304 2617 1884 1234 1149
17 17 29 114 46 34 27 38 102 294 1428 3835 6961 8593 8632 7302 6443 6185 5473 5385 5300 4661 4218 3846 3757 3439 2976 2408 1987 1543 982 569
17 39 30 105 45 33 54 42 110 339 1766 4356 6815 8430 8264 7097 6275 5919 5159 5118 4915 4192 4755 4697 3981 3781 2907 2416 1897 1467 981 686
16 15 32 110 40 47 47 27 135 452 2277 5287 7867 9113 8753 7345 6325 6598 5264 4776 4535 4504 4445 4457 4563 3969 3011 2633 2023 1627 1163 720
21 13 30 88 49 43 35 40 107 342 1782 3927 6140 7343 7212 6451 6115 6165 5409 4968 4698 5038 4596 4487 4326 3894 2819 2391 1844 1230 979 660
11 14 32 214 40 40 34 41 115 394 1635 3403 5478 6683 6784 5992 5180 5064 4398 4629 4331 4312 4487 4507 3918 3264 2656 2205 1721 1177 738 507
23 24 48 98 42 40 47 43 142 383 1779 3614 6039 7777 8355 7173 6565 6092 4978 4103 3832 4118 3821 3522 3598 2929 2632 2210 1654 1203 787 518
19 17 56 102 44 70 38 47 147 409 2062 4575 9363 13369 15072 13138 11294 9781 8668 8080 7952 7555 6536 5294 4619 4221 3271 2694 2177 1333 930 702
23 18 54 85 41 40 40 50 120 406 1965 4411 8329 12063 12377 10776 9781 8780 8022 7446 6600 6291 5727 5549 4866 4557 3600 2815 2794 1872 1275 1057
28 15 59 91 51 39 39 39 123 373 1730 4259 7443 10232 10413 10203 9221 9373 8684 8880 7767 6753 6641 5558 4995 5438 4297 3069 2681 1781 1051 726
16 23 57 101 57 39 41 47 147 475 1964 5164 8972 11848 11799 11649 10744 10089 8180 7818 7061 6735 5899 5915 5543 4433 4283 3227 2360 1541 933 651
17 28 62 73 40 44 41 52 146 624 2829 6750 11193 14088 13813 10401 9651 9258 8056 7501 7152 6624 6387 5926 5258 4492 3578 3134 2462 1592 1037 723
21 18 54 91 31 30 41 61 147 519 2510 6389 10452 12727 12594 10055 9119 9251 7887 7336 6760 5966 5124 5343 4529 3683 3163 2702 1925 1468 857 793
20 19 71 76 36 43 39 54 134 562 2543 6144 11044 12440 11294 9933 9435 8920 7935 7374 6772 6045 4970 4897 4198 3539 2846 2299 1872 1424 849 521
17 22 62 63 61 41 42 60 153 533 2665 6275 10892 13456 12969 9594 8597 8106 7668 6703 6409 6187 5039 5802 4932 4318 4158 3084 2501 1933 1305 755
14 43 82 55 49 35 55 55 158 559 2046 5149 8549 11065 11343 9411 8888 7459 6888 6673 5802 5581 4726 4667 4529 4195 3732 2923 2320 1639 1123 652
21 21 80 69 39 46 42 65 144 823 3308 6739 9909 11797 11509 9653 9574 9176 8724 8251 7279 6913 5883 5309 5102 4444 3893 3484 2484 1657 1148 677
19 24 75 65 49 36 41 54 173 691 2943 6625 9258 10554 9834 8343 7316 7577 6849 6193 6039 5748 5576 5148 4814 4356 3372 2808 2319 1546 1128 674
15 17 98 55 35 35 46 65 139 631 2564 5179 7929 8652 8684 7706 7395 6495 7004 6170 6580 5871 6785 6425 5169 4938 3870 2802 2303 1817 1151 708
