0 0 0 0 0 0 1 0 0 0 0 -4 5 15 1 21 24 -3 9 6 17 20 32 20 -6 -12 7 0 0 1 0 3
0 0 0 0 0 0 0 0 0 0 -1 5 7 -4 -13 8 3 -7 13 -3 4 -4 -1 -6 8 10 -2 -1 -3 -1 -7 -1
0 0 0 0 0 1 0 0 0 0 0 1 9 -8 3 15 21 2 13 -3 -8 8 2 0 -7 -2 -6 -12 5 -1 -1 3
0 0 0 0 0 0 0 0 0 0 5 -1 -3 -6 -2 -1 1 -21 -6 25 -12 4 5 -6 -14 1 13 0 -8 -13 -3 -5
0 0 0 0 0 0 0 0 0 -1 0 7 8 3 -7 11 14 16 2 -8 -4 23 4 1 7 -7 12 10 7 -3 5 3
0 0 0 0 0 0 0 0 0 0 2 -9 12 10 6 6 11 5 15 1 -2 5 20 20 2 9 7 3 4 -1 -1 0
0 0 0 0 0 0 0 0 2 0 -3 13 9 -8 6 -3 6 8 11 -2 -1 -4 16 15 0 -3 -7 7 -7 7 2 0
0 0 0 0 0 0 0 0 0 0 -2 -2 6 7 26 2 15 25 12 -9 5 4 0 -1 -5 2 -3 -3 10 7 3 -6
0 0 0 0 0 0 0 0 1 0 1 -12 11 2 2 3 9 -12 13 20 -20 -7 -14 4 -15 12 0 9 1 -1 0 1
1 0 0 0 1 0 0 0 0 1 -5 -1 -2 -4 10 3 13 12 25 9 21 13 11 -4 15 6 -1 -3 1 11 0 7
0 0 0 0 0 0 0 0 0 -1 -1 9 10 4 18 6 -3 15 19 -2 0 -4 7 10 1 -3 4 13 -6 9 1 -9
0 0 0 0 0 0 0 0 0 1 -2 6 2 -1 4 0 5 0 4 3 14 0 19 13 -10 7 0 4 4 0 -7 -6
0 0 0 -2 0 0 0 0 1 0 -1 7 -6 4 13 2 3 18 4 27 5 0 -7 -4 -8 11 -4 -1 1 -1 -5 -1
0 1 0 0 -1 0 0 0 0 0 1 0 -11 4 -2 17 0 9 7 -1 5 -2 8 -2 -10 -4 1 -7 -3 -3 0 0
0 0 0 0 0 0 0 0 0 0 0 4 8 -9 1 -16 -8 21 -4 -4 11 -7 16 11 0 -5 13 2 6 1 4 -3
0 0 0 0 0 0 0 1 0 0 -4 1 -10 -7 6 0 3 0 29 12 2 12 0 1 4 -5 2 -2 -1 7 2 -5
0 0 0 1 1 0 0 0 1 0 -2 -3 8 -1 32 5 8 4 -5 16 -7 0 -6 15 -4 -6 0 -1 5 9 -5 0
0 0 0 0 0 0 0 0 2 -1 0 8 -1 2 4 15 4 4 13 34 10 0 5 -6 -1 -1 12 6 -2 2 4 1
0 0 0 0 0 0 0 1 0 0 5 -4 -3 5 1 -16 4 -6 18 3 13 4 10 3 2 -2 -1 -2 7 -2 -4 3
0 0 0 0 0 0 2 0 0 -1 4 6 2 0 19 1 2 7 -14 14 0 10 25 -7 0 -11 -7 -1 -9 2 3 -1
0 0 0 0 0 0 0 0 0 1 -2 1 7 5 13 5 1 4 3 4 -7 4 -9 2 -5 10 -1 8 0 -6 0 3
0 0 0 1 0 0 0 0 0 0 4 0 6 -7 10 14 17 -4 12 11 14 -9 10 -8 -6 -5 1 7 1 -4 0 0
0 0 0 0 0 0 0 0 0 3 3 0 6 -9 0 2 13 0 15 9 1 12 -3 8 1 0 0 0 2 3 -1 1
0 0 0 0 0 0 0 0 0 -2 0 14 -6 22 0 11 2 -8 4 -1 9 1 5 -2 1 -1 -3 15 7 -5 10 0
0 0 0 0 2 0 -3 1 0 2 -1 0 3 22 5 18 2 26 -10 -7 9 1 7 0 -7 -4 -6 10 10 1 13 -4
0 1 0 0 0 0 0 0 0 2 -2 8 0 22 16 -12 5 -1 11 -6 9 26 1 19 0 2 9 0 6 0 -5 -1
0 0 0 0 0 0 0 0 0 0 0 -1 -1 -4 1 13 25 3 -18 3 -6 -10 -2 3 0 4 0 -3 2 4 1 0
0 0 0 1 0 0 0 0 0 0 -6 -13 4 -2 14 2 -3 -6 -1 -12 -3 1 6 -3 0 0 -2 -3 6 -5 2 -3
0 0 0 0 -1 0 0 0 0 3 1 -4 7 12 -2 3 -18 -3 -5 -11 10 16 5 5 -13 -10 4 1 18 -1 -5 4
0 0 0 0 0 0 0 0 1 0 2 6 15 22 -19 -2 -23 15 2 18 12 18 1 9 10 -5 0 2 1 2 2 1
0 0 0 0 0 0 0 0 0 0 -1 0 8 -12 -7 9 6 -2 -4 11 22 22 4 4 6 7 8 -10 12 2 0 4
0 0 0 0 0 0 0 0 -1 0 -5 1 8 0 -4 19 -15 20 12 2 -6 -5 -2 -7 1 1 -1 -6 -1 4 -3 3
0 0 0 0 0 0 0 0 0 0 -4 -4 -10 21 9 8 9 0 -4 13 -4 1 -17 -9 0 -8 -2 0 -1 0 4 -3
1 0 0 0 0 0 0 0 0 0 -4 5 10 26 -11 -2 1 -10 1 4 24 4 4 0 0 3 -6 8 0 -10 3 -2
0 0 0 0 0 0 0 1 0 -3 0 -5 -6 3 7 3 28 -6 4 -3 21 4 3 -4 0 -6 -1 -3 3 0 7 -8
0 0 0 0 0 0 0 0 3 0 -2 0 -2 38 4 17 1 14 3 -2 -2 18 17 -3 -5 -2 16 3 8 2 -7 4
0 0 0 -1 0 0 0 1 0 0 6 -14 14 7 10 3 -11 -7 -3 25 -5 11 -1 -7 -1 -4 -3 7 -3 -2 1 0
0 0 0 -1 0 0 0 0 0 0 0 -1 3 6 20 7 10 -1 -1 12 5 5 -7 -2 -10 6 14 -2 7 2 -2 0
0 0 0 -1 1 0 0 0 -1 0 3 10 12 0 16 1 -6 -2 -4 3 5 5 -15 7 -15 2 -6 1 15 -9 0 2
0 0 0 -1 0 0 0 0 1 0 4 -1 -3 1 17 2 4 14 -5 15 3 2 -7 -12 7 2 4 -8 0 5 -6 0
0 0 0 -1 0 0 0 0 1 0 0 -4 8 14 8 -1 12 2 5 6 -4 0 2 4 0 0 10 1 -6 5 -3 0
1 0 0 0 0 0 0 1 0 0 0 3 4 -7 0 8 8 0 -27 14 -7 4 -8 7 8 4 2 7 3 -2 -3 -2
1 0 0 0 0 0 0 0 0 0 5 5 4 -11 -3 24 6 13 0 -6 -6 -5 -6 2 5 -11 -7 -8 6 8 6 1
0 0 0 2 0 0 0 0 0 1 7 6 0 6 28 8 6 8 2 17 0 -2 -5 10 -2 3 5 4 7 -8 -1 -2
0 0 0 1 0 0 0 0 0 2 -2 -3 3 13 15 4 17 -6 16 7 3 8 -8 10 -8 5 0 -7 -6 2 -1 3
0 0 0 0 0 0 1 0 -1 0 1 -5 3 17 7 1 4 3 7 -1 3 -7 11 18 2 1 0 -2 -2 -7 7 -3
1 0 0 -1 0 0 0 0 0 0 10 0 16 5 9 -2 -12 9 8 3 18 4 2 3 -11 3 -9 12 3 -5 0 2
0 0 0 0 0 0 0 0 0 2 1 0 -1 8 10 -10 2 2 -1 5 -4 -3 0 -3 8 8 -7 0 1 -2 0 3
0 0 0 0 0 0 0 0 -1 0 -3 2 0 10 19 0 6 0 -1 5 3 -8 -6 2 -6 6 -3 5 -3 -6 2 1
0 0 0 -1 0 0 0 0 -1 -2 -4 9 -1 -5 10 1 18 -1 -1 7 -1 6 10 -6 -1 4 -2 -4 0 5 3 -1
0 0 0 -1 0 0 0 0 0 -3 3 -2 4 5 8 0 -2 3 13 -11 -2 -2 0 4 -10 1 -6 -4 0 -1 0 -3
0 0 0 0 0 0 0 0 0 0 0 1 21 24 14 -2 -10 6 -1 5 6 0 -5 -5 -5 -10 -3 -2 -4 -4 -1 1
0 0 0 0 0 0 0 0 -1 -1 -3 7 29 12 13 6 27 6 17 16 7 16 6 1 14 2 8 5 5 2 2 -1
0 0 0 0 0 0 1 0 0 0 -2 -12 4 3 9 16 5 -3 10 -2 -1 2 0 0 -25 -5 -2 -4 0 0 -3 -3
0 0 1 -1 0 0 0 0 -1 0 4 2 21 20 10 21 -7 0 4 0 -13 4 7 1 13 -6 15 2 -4 7 0 -2
0 0 0 0 0 0 0 0 0 0 2 4 10 6 5 9 -6 4 29 3 12 8 -4 -1 3 -1 -1 2 1 0 -1 -1
0 0 0 0 0 0 0 -1 -1 -2 1 -7 -4 6 1 2 12 20 1 4 22 7 -1 -5 8 -2 6 9 5 5 0 -1
0 0 0 0 0 0 0 0 0 -2 3 -9 -2 -1 -9 -5 -6 2 12 1 3 33 9 -3 5 0 -7 -7 6 1 2 0
0 0 0 0 0 0 0 1 0 0 -3 5 17 17 27 9 8 0 6 16 13 13 -8 2 6 2 8 3 -6 8 1 -2
0 0 0 0 0 0 0 0 0 3 -6 -2 11 -11 13 4 10 3 4 9 7 11 4 3 12 14 0 2 4 1 5 -4
0 0 0 0 1 0 0 0 -1 2 0 17 2 4 4 3 -4 0 12 5 7 -4 11 3 7 4 5 -3 -6 0 1 1
0 0 0 0 0 0 0 2 -1 -3 -1 -5 4 -9 8 11 6 4 8 8 2 -5 -2 -2 11 0 -1 -1 1 -1 6 1
0 0 1 0 0 0 0 0 0 2 8 5 12 6 -2 0 18 7 10 12 1 8 -11 1 -6 -2 5 -3 -2 7 -1 0
0 0 0 0 0 0 0 0 -1 0 -14 -12 10 2 8 0 -2 17 0 6 7 -10 16 12 -10 2 3 6 7 -4 3 -2
